0 info it worked if it ends with ok
1 verbose cli [ 'node', '/usr/local/bin/npm', 'version', '1.0.2' ]
2 info using npm@3.9.0
3 info using node@v0.12.7
4 verbose node symlink /usr/local/bin/node
5 verbose stack Error: Version not changed
5 verbose stack     at persistVersion (/usr/local/lib/node_modules/npm/lib/version.js:91:47)
5 verbose stack     at /usr/local/lib/node_modules/npm/lib/version.js:46:7
5 verbose stack     at /usr/local/lib/node_modules/npm/lib/version.js:118:5
5 verbose stack     at /usr/local/lib/node_modules/npm/node_modules/graceful-fs/graceful-fs.js:78:16
5 verbose stack     at fs.js:334:14
5 verbose stack     at /usr/local/lib/node_modules/npm/node_modules/graceful-fs/graceful-fs.js:43:10
5 verbose stack     at FSReqWrap.oncomplete (fs.js:95:15)
6 verbose cwd /Users/Ryan/Desktop/FanduelNBALineupOptimizer
7 error Darwin 15.6.0
8 error argv "node" "/usr/local/bin/npm" "version" "1.0.2"
9 error node v0.12.7
10 error npm  v3.9.0
11 error Version not changed
12 error If you need help, you may report this error at:
12 error     <https://github.com/npm/npm/issues>
13 verbose exit [ 1, true ]
